<?xml version="1.0" encoding="UTF-8"?>
<!-- Generated by org.testng.reporters.JUnitReportReporter -->
<testsuite hostname="DESKTOP-DJB421A" failures="0" tests="9" name="org.test.Test_01_Login" time="73.719" errors="0" timestamp="09 Mar 2024 10:50:45 GMT" skipped="0">
  <testcase classname="org.test.Test_01_Login" name="browserSetup" time="47.645"/>
  <testcase classname="org.test.Test_01_Login" name="login" time="5.275"/>
  <testcase classname="org.test.Test_01_Login" name="navigateToAccountsPaymentsPage" time="18.394"/>
  <testcase classname="org.test.Test_01_Login" name="paymentNumberAndPaymentDateValidation" time="0.059"/>
  <testcase classname="org.test.Test_01_Login" name="paymentForValidation" time="0.256"/>
  <testcase classname="org.test.Test_01_Login" name="paymentModeValidation" time="0.358"/>
  <testcase classname="org.test.Test_01_Login" name="ledgerNameOrEmployeeNameValidate" time="0.044"/>
  <testcase classname="org.test.Test_01_Login" name="companyLedgerValidate" time="1.536"/>
  <testcase classname="org.test.Test_01_Login" name="amountAndRemarks" time="0.152"/>
</testsuite> <!-- org.test.Test_01_Login -->
